生成启动时间为 2018/1/9 15:50:30。
     1>项目“E:\code\pjproject-2.7.1\pjlib-util\build\pjlib_util.vcxproj”在节点 2 上(Build 个目标)。
     1>ClCompile:
         C:\Program Files (x86)\Microsoft Visual Studio 14.0\VC\bin\x86_amd64\CL.exe /c /I../include /I../../pjlib/include /Zi /nologo /W4 /WX- /sdl- /O2 /D _LIB /D NDEBUG /D _MBCS /D WIN64 /D PJ_WIN64=1 /D PJ_M_X86_64=1 /Gm- /EHsc /MD /GS /fp:precise /Zc:wchar_t /Zc:forScope /Zc:inline /Fo".\output\pjlib_util-x86_64-x64-vc14-Release\\" /Fd".\output\pjlib_util-x86_64-x64-vc14-Release\pjlib_util.pdb" /FR".\output\pjlib_util-x86_64-x64-vc14-Release\\" /Gd /TC /errorReport:prompt "..\src\pjlib-util\base64.c" "..\src\pjlib-util\cli.c" "..\src\pjlib-util\cli_console.c" "..\src\pjlib-util\cli_telnet.c" "..\src\pjlib-util\crc32.c" "..\src\pjlib-util\dns.c" "..\src\pjlib-util\dns_dump.c" "..\src\pjlib-util\dns_server.c" "..\src\pjlib-util\errno.c" "..\src\pjlib-util\getopt.c" "..\src\pjlib-util\hmac_md5.c" "..\src\pjlib-util\hmac_sha1.c" "..\src\pjlib-util\http_client.c" "..\src\pjlib-util\json.c" "..\src\pjlib-util\md5.c" "..\src\pjlib-util\pcap.c" "..\src\pjlib-util\resolver.c" "..\src\pjlib-util\scanner.c" "..\src\pjlib-util\sha1.c" "..\src\pjlib-util\srv_resolver.c" "..\src\pjlib-util\string.c" "..\src\pjlib-util\stun_simple.c" "..\src\pjlib-util\stun_simple_client.c" "..\src\pjlib-util\symbols.c" "..\src\pjlib-util\xml.c"
         base64.c
         cli.c
         cli_console.c
         cli_telnet.c
         crc32.c
         dns.c
         dns_dump.c
         dns_server.c
         errno.c
         getopt.c
         hmac_md5.c
         hmac_sha1.c
         http_client.c
         json.c
         md5.c
         pcap.c
         resolver.c
         scanner.c
         sha1.c
         srv_resolver.c
         正在生成代码...
         正在编译...
         string.c
         stun_simple.c
         stun_simple_client.c
         symbols.c
         xml.c
         正在生成代码...
       Lib:
         C:\Program Files (x86)\Microsoft Visual Studio 14.0\VC\bin\x86_amd64\Lib.exe /OUT:"..\lib\pjlib-util-x86_64-x64-vc14-Release.lib" /NOLOGO /MACHINE:X64 /ignore:4221 ".\output\pjlib_util-x86_64-x64-vc14-Release\base64.obj"
         ".\output\pjlib_util-x86_64-x64-vc14-Release\cli.obj"
         ".\output\pjlib_util-x86_64-x64-vc14-Release\cli_console.obj"
         ".\output\pjlib_util-x86_64-x64-vc14-Release\cli_telnet.obj"
         ".\output\pjlib_util-x86_64-x64-vc14-Release\crc32.obj"
         ".\output\pjlib_util-x86_64-x64-vc14-Release\dns.obj"
         ".\output\pjlib_util-x86_64-x64-vc14-Release\dns_dump.obj"
         ".\output\pjlib_util-x86_64-x64-vc14-Release\dns_server.obj"
         ".\output\pjlib_util-x86_64-x64-vc14-Release\errno.obj"
         ".\output\pjlib_util-x86_64-x64-vc14-Release\getopt.obj"
         ".\output\pjlib_util-x86_64-x64-vc14-Release\hmac_md5.obj"
         ".\output\pjlib_util-x86_64-x64-vc14-Release\hmac_sha1.obj"
         ".\output\pjlib_util-x86_64-x64-vc14-Release\http_client.obj"
         ".\output\pjlib_util-x86_64-x64-vc14-Release\json.obj"
         ".\output\pjlib_util-x86_64-x64-vc14-Release\md5.obj"
         ".\output\pjlib_util-x86_64-x64-vc14-Release\pcap.obj"
         ".\output\pjlib_util-x86_64-x64-vc14-Release\resolver.obj"
         ".\output\pjlib_util-x86_64-x64-vc14-Release\scanner.obj"
         ".\output\pjlib_util-x86_64-x64-vc14-Release\sha1.obj"
         ".\output\pjlib_util-x86_64-x64-vc14-Release\srv_resolver.obj"
         ".\output\pjlib_util-x86_64-x64-vc14-Release\string.obj"
         ".\output\pjlib_util-x86_64-x64-vc14-Release\stun_simple.obj"
         ".\output\pjlib_util-x86_64-x64-vc14-Release\stun_simple_client.obj"
         ".\output\pjlib_util-x86_64-x64-vc14-Release\symbols.obj"
         ".\output\pjlib_util-x86_64-x64-vc14-Release\xml.obj"
         pjlib_util.vcxproj -> E:\code\pjproject-2.7.1\pjlib-util\build\..\lib\pjlib-util-x86_64-x64-vc14-Release.lib
       BscMake:
         C:\Program Files (x86)\Microsoft Visual Studio 14.0\VC\bin\bscmake.exe /nologo /o"..\lib\pjlib-util-x86_64-x64-vc14-Release.bsc" ".\output\pjlib_util-x86_64-x64-vc14-Release\base64.sbr" ".\output\pjlib_util-x86_64-x64-vc14-Release\cli.sbr" ".\output\pjlib_util-x86_64-x64-vc14-Release\cli_console.sbr" ".\output\pjlib_util-x86_64-x64-vc14-Release\cli_telnet.sbr" ".\output\pjlib_util-x86_64-x64-vc14-Release\crc32.sbr" ".\output\pjlib_util-x86_64-x64-vc14-Release\dns.sbr" ".\output\pjlib_util-x86_64-x64-vc14-Release\dns_dump.sbr" ".\output\pjlib_util-x86_64-x64-vc14-Release\dns_server.sbr" ".\output\pjlib_util-x86_64-x64-vc14-Release\errno.sbr" ".\output\pjlib_util-x86_64-x64-vc14-Release\getopt.sbr" ".\output\pjlib_util-x86_64-x64-vc14-Release\hmac_md5.sbr" ".\output\pjlib_util-x86_64-x64-vc14-Release\hmac_sha1.sbr" ".\output\pjlib_util-x86_64-x64-vc14-Release\http_client.sbr" ".\output\pjlib_util-x86_64-x64-vc14-Release\json.sbr" ".\output\pjlib_util-x86_64-x64-vc14-Release\md5.sbr" ".\output\pjlib_util-x86_64-x64-vc14-Release\pcap.sbr" ".\output\pjlib_util-x86_64-x64-vc14-Release\resolver.sbr" ".\output\pjlib_util-x86_64-x64-vc14-Release\scanner.sbr" ".\output\pjlib_util-x86_64-x64-vc14-Release\sha1.sbr" ".\output\pjlib_util-x86_64-x64-vc14-Release\srv_resolver.sbr" ".\output\pjlib_util-x86_64-x64-vc14-Release\string.sbr" ".\output\pjlib_util-x86_64-x64-vc14-Release\stun_simple.sbr" ".\output\pjlib_util-x86_64-x64-vc14-Release\stun_simple_client.sbr" ".\output\pjlib_util-x86_64-x64-vc14-Release\symbols.sbr" ".\output\pjlib_util-x86_64-x64-vc14-Release\xml.sbr"
     1>已完成生成项目“E:\code\pjproject-2.7.1\pjlib-util\build\pjlib_util.vcxproj”(Build 个目标)的操作。

已成功生成。

已用时间 00:00:04.28
