生成启动时间为 2018/1/9 15:50:58。
     1>项目“E:\code\pjproject-2.7.1\pjmedia\build\pjmedia_audiodev.vcxproj”在节点 2 上(Build 个目标)。
     1>ClCompile:
         C:\Program Files (x86)\Microsoft Visual Studio 14.0\VC\bin\x86_amd64\CL.exe /c /I../include /I../../pjlib/include /I"../../pjlib-util/include" /I../../pjnath/include /I../../third_party/portaudio/include /I../../third_party/speex/include /I../../third_party/build/srtp /I../../third_party/srtp/crypto/include /I../../third_party/srtp/include /I../.. /Zi /nologo /W4 /WX- /sdl- /O2 /D _LIB /D NDEBUG /D _MBCS /D WIN64 /D PJ_WIN64=1 /D PJ_M_X86_64=1 /Gm- /EHsc /MD /GS /fp:precise /Zc:wchar_t /Zc:forScope /Zc:inline /Fo".\output\pjmedia_audiodev-x86_64-x64-vc14-Release\\" /Fd".\output\pjmedia_audiodev-x86_64-x64-vc14-Release\pjmedia_audiodev.pdb" /FR".\output\pjmedia_audiodev-x86_64-x64-vc14-Release\\" /Gd /TC /errorReport:prompt "..\src\pjmedia-audiodev\audiodev.c" "..\src\pjmedia-audiodev\audiotest.c" "..\src\pjmedia-audiodev\bdimad_dev.c" "..\src\pjmedia-audiodev\errno.c" "..\src\pjmedia-audiodev\legacy_dev.c" "..\src\pjmedia-audiodev\null_dev.c" "..\src\pjmedia-audiodev\pa_dev.c" "..\src\pjmedia-audiodev\wmme_dev.c"
         audiodev.c
         audiotest.c
         bdimad_dev.c
         errno.c
         legacy_dev.c
         null_dev.c
         pa_dev.c
         wmme_dev.c
         正在生成代码...
       Lib:
         C:\Program Files (x86)\Microsoft Visual Studio 14.0\VC\bin\x86_amd64\Lib.exe /OUT:"..\lib\pjmedia-audiodev-x86_64-x64-vc14-Release.lib" /NOLOGO /MACHINE:X64 /ignore:4221 ".\output\pjmedia_audiodev-x86_64-x64-vc14-Release\audiodev.obj"
         ".\output\pjmedia_audiodev-x86_64-x64-vc14-Release\audiotest.obj"
         ".\output\pjmedia_audiodev-x86_64-x64-vc14-Release\bdimad_dev.obj"
         ".\output\pjmedia_audiodev-x86_64-x64-vc14-Release\errno.obj"
         ".\output\pjmedia_audiodev-x86_64-x64-vc14-Release\legacy_dev.obj"
         ".\output\pjmedia_audiodev-x86_64-x64-vc14-Release\null_dev.obj"
         ".\output\pjmedia_audiodev-x86_64-x64-vc14-Release\pa_dev.obj"
         ".\output\pjmedia_audiodev-x86_64-x64-vc14-Release\wmme_dev.obj"
         pjmedia_audiodev.vcxproj -> E:\code\pjproject-2.7.1\pjmedia\build\..\lib\pjmedia-audiodev-x86_64-x64-vc14-Release.lib
       BscMake:
         C:\Program Files (x86)\Microsoft Visual Studio 14.0\VC\bin\bscmake.exe /nologo /o"..\lib\pjmedia-audiodev-x86_64-x64-vc14-Release.bsc" ".\output\pjmedia_audiodev-x86_64-x64-vc14-Release\audiodev.sbr" ".\output\pjmedia_audiodev-x86_64-x64-vc14-Release\audiotest.sbr" ".\output\pjmedia_audiodev-x86_64-x64-vc14-Release\bdimad_dev.sbr" ".\output\pjmedia_audiodev-x86_64-x64-vc14-Release\errno.sbr" ".\output\pjmedia_audiodev-x86_64-x64-vc14-Release\legacy_dev.sbr" ".\output\pjmedia_audiodev-x86_64-x64-vc14-Release\null_dev.sbr" ".\output\pjmedia_audiodev-x86_64-x64-vc14-Release\pa_dev.sbr" ".\output\pjmedia_audiodev-x86_64-x64-vc14-Release\wmme_dev.sbr"
     1>已完成生成项目“E:\code\pjproject-2.7.1\pjmedia\build\pjmedia_audiodev.vcxproj”(Build 个目标)的操作。

已成功生成。

已用时间 00:00:02.61
