生成启动时间为 2018/1/9 15:50:08。
     1>项目“E:\code\pjproject-2.7.1\pjmedia\build\pjmedia.vcxproj”在节点 2 上(Build 个目标)。
     1>ClCompile:
         C:\Program Files (x86)\Microsoft Visual Studio 14.0\VC\bin\x86_amd64\CL.exe /c /I../include /I../../pjlib/include /I"../../pjlib-util/include" /I../../pjnath/include /I../../third_party/portaudio/include /I../../third_party/speex/include /I../../third_party/build/srtp /I../../third_party/srtp/include /I../../third_party/srtp/crypto/include /I../../third_party/yuv/include /I../../third_party/webrtc/src /I../.. /Iinclude /Zi /nologo /W4 /WX- /sdl- /O2 /D _LIB /D NDEBUG /D _MBCS /D WIN64 /D PJ_WIN64=1 /D PJ_M_X86_64=1 /Gm- /EHsc /MD /GS /fp:precise /Zc:wchar_t /Zc:forScope /Zc:inline /Fo".\output\pjmedia-x86_64-x64-vc14-Release\\" /Fd".\output\pjmedia-x86_64-x64-vc14-Release\pjmedia.pdb" /FR".\output\pjmedia-x86_64-x64-vc14-Release\\" /Gd /TC /errorReport:prompt ..\src\pjmedia\alaw_ulaw.c ..\src\pjmedia\alaw_ulaw_table.c ..\src\pjmedia\audiodev.c ..\src\pjmedia\avi_player.c ..\src\pjmedia\bidirectional.c ..\src\pjmedia\clock_thread.c ..\src\pjmedia\codec.c ..\src\pjmedia\conference.c ..\src\pjmedia\conf_switch.c ..\src\pjmedia\converter.c ..\src\pjmedia\converter_libswscale.c ..\src\pjmedia\converter_libyuv.c ..\src\pjmedia\delaybuf.c ..\src\pjmedia\echo_common.c ..\src\pjmedia\echo_port.c ..\src\pjmedia\echo_speex.c ..\src\pjmedia\echo_suppress.c ..\src\pjmedia\echo_webrtc.c ..\src\pjmedia\endpoint.c ..\src\pjmedia\errno.c ..\src\pjmedia\event.c ..\src\pjmedia\ffmpeg_util.c ..\src\pjmedia\format.c ..\src\pjmedia\g711.c ..\src\pjmedia\jbuf.c ..\src\pjmedia\master_port.c ..\src\pjmedia\mem_capture.c ..\src\pjmedia\mem_player.c ..\src\pjmedia\null_port.c ..\src\pjmedia\plc_common.c ..\src\pjmedia\port.c ..\src\pjmedia\resample_libsamplerate.c ..\src\pjmedia\resample_port.c ..\src\pjmedia\resample_resample.c ..\src\pjmedia\resample_speex.c ..\src\pjmedia\rtcp.c ..\src\pjmedia\rtcp_xr.c ..\src\pjmedia\rtp.c ..\src\pjmedia\sdp.c ..\src\pjmedia\sdp_cmp.c ..\src\pjmedia\sdp_neg.c ..\src\pjmedia\silencedet.c ..\src\pjmedia\sound_legacy.c ..\src\pjmedia\sound_port.c ..\src\pjmedia\splitcomb.c ..\src\pjmedia\stereo_port.c ..\src\pjmedia\stream.c ..\src\pjmedia\stream_common.c ..\src\pjmedia\stream_info.c ..\src\pjmedia\tonegen.c ..\src\pjmedia\transport_adapter_sample.c ..\src\pjmedia\transport_ice.c ..\src\pjmedia\transport_loop.c ..\src\pjmedia\transport_srtp.c ..\src\pjmedia\transport_udp.c ..\src\pjmedia\types.c ..\src\pjmedia\videodev.c ..\src\pjmedia\vid_codec.c ..\src\pjmedia\vid_codec_util.c ..\src\pjmedia\vid_port.c ..\src\pjmedia\vid_stream.c ..\src\pjmedia\vid_stream_info.c ..\src\pjmedia\vid_tee.c ..\src\pjmedia\wave.c ..\src\pjmedia\wav_player.c ..\src\pjmedia\wav_playlist.c ..\src\pjmedia\wav_writer.c ..\src\pjmedia\wsola.c
         alaw_ulaw.c
         alaw_ulaw_table.c
         audiodev.c
         avi_player.c
         bidirectional.c
         clock_thread.c
         codec.c
         conference.c
         conf_switch.c
         converter.c
         converter_libswscale.c
         converter_libyuv.c
         delaybuf.c
         echo_common.c
         echo_port.c
         echo_speex.c
         echo_suppress.c
         echo_webrtc.c
         endpoint.c
         errno.c
         正在生成代码...
         正在编译...
         event.c
         ffmpeg_util.c
         format.c
         g711.c
         jbuf.c
         master_port.c
         mem_capture.c
         mem_player.c
         null_port.c
         plc_common.c
         port.c
         resample_libsamplerate.c
         resample_port.c
         resample_resample.c
         resample_speex.c
         rtcp.c
         rtcp_xr.c
         rtp.c
         sdp.c
     1>..\src\pjmedia\sdp.c(1004): warning C4102: “TODO___PARSE_SDP_CONN_ADDRESS_SUBFIELDS”: 未引用的标签
         sdp_cmp.c
         正在生成代码...
         正在编译...
         sdp_neg.c
     1>..\src\pjmedia\sdp_neg.c(745): warning C4102: “TODO___CHECK_SDP_NEGOTIATION_WHEN_ASYMETRIC_MEDIA_IS_ALLOWED”: 未引用的标签
         silencedet.c
         sound_legacy.c
         sound_port.c
         splitcomb.c
         stereo_port.c
         stream.c
         stream_common.c
         stream_info.c
         tonegen.c
         transport_adapter_sample.c
         transport_ice.c
         transport_loop.c
         transport_srtp.c
         transport_udp.c
         types.c
         videodev.c
         vid_codec.c
         vid_codec_util.c
         vid_port.c
         正在生成代码...
         正在编译...
         vid_stream.c
         vid_stream_info.c
         vid_tee.c
         wave.c
         wav_player.c
         wav_playlist.c
         wav_writer.c
         wsola.c
         正在生成代码...
       Lib:
         C:\Program Files (x86)\Microsoft Visual Studio 14.0\VC\bin\x86_amd64\Lib.exe /OUT:"..\lib\pjmedia-x86_64-x64-vc14-Release.lib" /NOLOGO /MACHINE:X64 /ignore:4221 ".\output\pjmedia-x86_64-x64-vc14-Release\alaw_ulaw.obj"
         ".\output\pjmedia-x86_64-x64-vc14-Release\alaw_ulaw_table.obj"
         ".\output\pjmedia-x86_64-x64-vc14-Release\audiodev.obj"
         ".\output\pjmedia-x86_64-x64-vc14-Release\avi_player.obj"
         ".\output\pjmedia-x86_64-x64-vc14-Release\bidirectional.obj"
         ".\output\pjmedia-x86_64-x64-vc14-Release\clock_thread.obj"
         ".\output\pjmedia-x86_64-x64-vc14-Release\codec.obj"
         ".\output\pjmedia-x86_64-x64-vc14-Release\conference.obj"
         ".\output\pjmedia-x86_64-x64-vc14-Release\conf_switch.obj"
         ".\output\pjmedia-x86_64-x64-vc14-Release\converter.obj"
         ".\output\pjmedia-x86_64-x64-vc14-Release\converter_libswscale.obj"
         ".\output\pjmedia-x86_64-x64-vc14-Release\converter_libyuv.obj"
         ".\output\pjmedia-x86_64-x64-vc14-Release\delaybuf.obj"
         ".\output\pjmedia-x86_64-x64-vc14-Release\echo_common.obj"
         ".\output\pjmedia-x86_64-x64-vc14-Release\echo_port.obj"
         ".\output\pjmedia-x86_64-x64-vc14-Release\echo_speex.obj"
         ".\output\pjmedia-x86_64-x64-vc14-Release\echo_suppress.obj"
         ".\output\pjmedia-x86_64-x64-vc14-Release\echo_webrtc.obj"
         ".\output\pjmedia-x86_64-x64-vc14-Release\endpoint.obj"
         ".\output\pjmedia-x86_64-x64-vc14-Release\errno.obj"
         ".\output\pjmedia-x86_64-x64-vc14-Release\event.obj"
         ".\output\pjmedia-x86_64-x64-vc14-Release\ffmpeg_util.obj"
         ".\output\pjmedia-x86_64-x64-vc14-Release\format.obj"
         ".\output\pjmedia-x86_64-x64-vc14-Release\g711.obj"
         ".\output\pjmedia-x86_64-x64-vc14-Release\jbuf.obj"
         ".\output\pjmedia-x86_64-x64-vc14-Release\master_port.obj"
         ".\output\pjmedia-x86_64-x64-vc14-Release\mem_capture.obj"
         ".\output\pjmedia-x86_64-x64-vc14-Release\mem_player.obj"
         ".\output\pjmedia-x86_64-x64-vc14-Release\null_port.obj"
         ".\output\pjmedia-x86_64-x64-vc14-Release\plc_common.obj"
         ".\output\pjmedia-x86_64-x64-vc14-Release\port.obj"
         ".\output\pjmedia-x86_64-x64-vc14-Release\resample_libsamplerate.obj"
         ".\output\pjmedia-x86_64-x64-vc14-Release\resample_port.obj"
         ".\output\pjmedia-x86_64-x64-vc14-Release\resample_resample.obj"
         ".\output\pjmedia-x86_64-x64-vc14-Release\resample_speex.obj"
         ".\output\pjmedia-x86_64-x64-vc14-Release\rtcp.obj"
         ".\output\pjmedia-x86_64-x64-vc14-Release\rtcp_xr.obj"
         ".\output\pjmedia-x86_64-x64-vc14-Release\rtp.obj"
         ".\output\pjmedia-x86_64-x64-vc14-Release\sdp.obj"
         ".\output\pjmedia-x86_64-x64-vc14-Release\sdp_cmp.obj"
         ".\output\pjmedia-x86_64-x64-vc14-Release\sdp_neg.obj"
         ".\output\pjmedia-x86_64-x64-vc14-Release\silencedet.obj"
         ".\output\pjmedia-x86_64-x64-vc14-Release\sound_legacy.obj"
         ".\output\pjmedia-x86_64-x64-vc14-Release\sound_port.obj"
         ".\output\pjmedia-x86_64-x64-vc14-Release\splitcomb.obj"
         ".\output\pjmedia-x86_64-x64-vc14-Release\stereo_port.obj"
         ".\output\pjmedia-x86_64-x64-vc14-Release\stream.obj"
         ".\output\pjmedia-x86_64-x64-vc14-Release\stream_common.obj"
         ".\output\pjmedia-x86_64-x64-vc14-Release\stream_info.obj"
         ".\output\pjmedia-x86_64-x64-vc14-Release\tonegen.obj"
         ".\output\pjmedia-x86_64-x64-vc14-Release\transport_adapter_sample.obj"
         ".\output\pjmedia-x86_64-x64-vc14-Release\transport_ice.obj"
         ".\output\pjmedia-x86_64-x64-vc14-Release\transport_loop.obj"
         ".\output\pjmedia-x86_64-x64-vc14-Release\transport_srtp.obj"
         ".\output\pjmedia-x86_64-x64-vc14-Release\transport_udp.obj"
         ".\output\pjmedia-x86_64-x64-vc14-Release\types.obj"
         ".\output\pjmedia-x86_64-x64-vc14-Release\videodev.obj"
         ".\output\pjmedia-x86_64-x64-vc14-Release\vid_codec.obj"
         ".\output\pjmedia-x86_64-x64-vc14-Release\vid_codec_util.obj"
         ".\output\pjmedia-x86_64-x64-vc14-Release\vid_port.obj"
         ".\output\pjmedia-x86_64-x64-vc14-Release\vid_stream.obj"
         ".\output\pjmedia-x86_64-x64-vc14-Release\vid_stream_info.obj"
         ".\output\pjmedia-x86_64-x64-vc14-Release\vid_tee.obj"
         ".\output\pjmedia-x86_64-x64-vc14-Release\wave.obj"
         ".\output\pjmedia-x86_64-x64-vc14-Release\wav_player.obj"
         ".\output\pjmedia-x86_64-x64-vc14-Release\wav_playlist.obj"
         ".\output\pjmedia-x86_64-x64-vc14-Release\wav_writer.obj"
         ".\output\pjmedia-x86_64-x64-vc14-Release\wsola.obj"
         pjmedia.vcxproj -> E:\code\pjproject-2.7.1\pjmedia\build\..\lib\pjmedia-x86_64-x64-vc14-Release.lib
       BscMake:
         C:\Program Files (x86)\Microsoft Visual Studio 14.0\VC\bin\bscmake.exe /nologo /o"..\lib\pjmedia-x86_64-x64-vc14-Release.bsc" ".\output\pjmedia-x86_64-x64-vc14-Release\alaw_ulaw.sbr" ".\output\pjmedia-x86_64-x64-vc14-Release\alaw_ulaw_table.sbr" ".\output\pjmedia-x86_64-x64-vc14-Release\audiodev.sbr" ".\output\pjmedia-x86_64-x64-vc14-Release\avi_player.sbr" ".\output\pjmedia-x86_64-x64-vc14-Release\bidirectional.sbr" ".\output\pjmedia-x86_64-x64-vc14-Release\clock_thread.sbr" ".\output\pjmedia-x86_64-x64-vc14-Release\codec.sbr" ".\output\pjmedia-x86_64-x64-vc14-Release\conference.sbr" ".\output\pjmedia-x86_64-x64-vc14-Release\conf_switch.sbr" ".\output\pjmedia-x86_64-x64-vc14-Release\converter.sbr" ".\output\pjmedia-x86_64-x64-vc14-Release\converter_libswscale.sbr" ".\output\pjmedia-x86_64-x64-vc14-Release\converter_libyuv.sbr" ".\output\pjmedia-x86_64-x64-vc14-Release\delaybuf.sbr" ".\output\pjmedia-x86_64-x64-vc14-Release\echo_common.sbr" ".\output\pjmedia-x86_64-x64-vc14-Release\echo_port.sbr" ".\output\pjmedia-x86_64-x64-vc14-Release\echo_speex.sbr" ".\output\pjmedia-x86_64-x64-vc14-Release\echo_suppress.sbr" ".\output\pjmedia-x86_64-x64-vc14-Release\echo_webrtc.sbr" ".\output\pjmedia-x86_64-x64-vc14-Release\endpoint.sbr" ".\output\pjmedia-x86_64-x64-vc14-Release\errno.sbr" ".\output\pjmedia-x86_64-x64-vc14-Release\event.sbr" ".\output\pjmedia-x86_64-x64-vc14-Release\ffmpeg_util.sbr" ".\output\pjmedia-x86_64-x64-vc14-Release\format.sbr" ".\output\pjmedia-x86_64-x64-vc14-Release\g711.sbr" ".\output\pjmedia-x86_64-x64-vc14-Release\jbuf.sbr" ".\output\pjmedia-x86_64-x64-vc14-Release\master_port.sbr" ".\output\pjmedia-x86_64-x64-vc14-Release\mem_capture.sbr" ".\output\pjmedia-x86_64-x64-vc14-Release\mem_player.sbr" ".\output\pjmedia-x86_64-x64-vc14-Release\null_port.sbr" ".\output\pjmedia-x86_64-x64-vc14-Release\plc_common.sbr" ".\output\pjmedia-x86_64-x64-vc14-Release\port.sbr" ".\output\pjmedia-x86_64-x64-vc14-Release\resample_libsamplerate.sbr" ".\output\pjmedia-x86_64-x64-vc14-Release\resample_port.sbr" ".\output\pjmedia-x86_64-x64-vc14-Release\resample_resample.sbr" ".\output\pjmedia-x86_64-x64-vc14-Release\resample_speex.sbr" ".\output\pjmedia-x86_64-x64-vc14-Release\rtcp.sbr" ".\output\pjmedia-x86_64-x64-vc14-Release\rtcp_xr.sbr" ".\output\pjmedia-x86_64-x64-vc14-Release\rtp.sbr" ".\output\pjmedia-x86_64-x64-vc14-Release\sdp.sbr" ".\output\pjmedia-x86_64-x64-vc14-Release\sdp_cmp.sbr" ".\output\pjmedia-x86_64-x64-vc14-Release\sdp_neg.sbr" ".\output\pjmedia-x86_64-x64-vc14-Release\silencedet.sbr" ".\output\pjmedia-x86_64-x64-vc14-Release\sound_legacy.sbr" ".\output\pjmedia-x86_64-x64-vc14-Release\sound_port.sbr" ".\output\pjmedia-x86_64-x64-vc14-Release\splitcomb.sbr" ".\output\pjmedia-x86_64-x64-vc14-Release\stereo_port.sbr" ".\output\pjmedia-x86_64-x64-vc14-Release\stream.sbr" ".\output\pjmedia-x86_64-x64-vc14-Release\stream_common.sbr" ".\output\pjmedia-x86_64-x64-vc14-Release\stream_info.sbr" ".\output\pjmedia-x86_64-x64-vc14-Release\tonegen.sbr" ".\output\pjmedia-x86_64-x64-vc14-Release\transport_adapter_sample.sbr" ".\output\pjmedia-x86_64-x64-vc14-Release\transport_ice.sbr" ".\output\pjmedia-x86_64-x64-vc14-Release\transport_loop.sbr" ".\output\pjmedia-x86_64-x64-vc14-Release\transport_srtp.sbr" ".\output\pjmedia-x86_64-x64-vc14-Release\transport_udp.sbr" ".\output\pjmedia-x86_64-x64-vc14-Release\types.sbr" ".\output\pjmedia-x86_64-x64-vc14-Release\videodev.sbr" ".\output\pjmedia-x86_64-x64-vc14-Release\vid_codec.sbr" ".\output\pjmedia-x86_64-x64-vc14-Release\vid_codec_util.sbr" ".\output\pjmedia-x86_64-x64-vc14-Release\vid_port.sbr" ".\output\pjmedia-x86_64-x64-vc14-Release\vid_stream.sbr" ".\output\pjmedia-x86_64-x64-vc14-Release\vid_stream_info.sbr" ".\output\pjmedia-x86_64-x64-vc14-Release\vid_tee.sbr" ".\output\pjmedia-x86_64-x64-vc14-Release\wave.sbr" ".\output\pjmedia-x86_64-x64-vc14-Release\wav_player.sbr" ".\output\pjmedia-x86_64-x64-vc14-Release\wav_playlist.sbr" ".\output\pjmedia-x86_64-x64-vc14-Release\wav_writer.sbr" ".\output\pjmedia-x86_64-x64-vc14-Release\wsola.sbr"
     1>已完成生成项目“E:\code\pjproject-2.7.1\pjmedia\build\pjmedia.vcxproj”(Build 个目标)的操作。

已成功生成。

已用时间 00:00:09.14
